Using pre-set license
Built from '2020.3/release' branch; Version is '2020.3.12f1 (b3b2c6512326) revision 11776710'; Using compiler version '192528614'; Build Type 'Release'
OS: 'Windows 10 Home Single Language; OS build 19041.1052; Version 2004; 64bit' Language: 'es' Physical Memory: 16250 MB
BatchMode: 1, IsHumanControllingUs: 0, StartBugReporterOnCrash: 0, Is64bit: 1, IsPro: 0

 COMMAND LINE ARGUMENTS:
D:\Program Files\2020.3.12f1\Editor\Unity.exe
-adb2
-batchMode
-noUpm
-name
AssetImportWorker0
-projectPath
D:/ia/Nueva carpeta (2)/IA-VJ2021-Proyecto-Lab
-logFile
Logs/AssetImportWorker0.log
-srvPort
49835
Successfully changed project path to: D:/ia/Nueva carpeta (2)/IA-VJ2021-Proyecto-Lab
D:/ia/Nueva carpeta (2)/IA-VJ2021-Proyecto-Lab
Using Asset Import Pipeline V2.
Refreshing native plugins compatible for Editor in 85.48 ms, found 4 plugins.
Preloading 1 native plugins for Editor in 6.90 ms.
Initialize engine version: 2020.3.12f1 (b3b2c6512326)
[Subsystems] Discovering subsystems at path D:/Program Files/2020.3.12f1/Editor/Data/Resources/UnitySubsystems
[Subsystems] Discovering subsystems at path D:/ia/Nueva carpeta (2)/IA-VJ2021-Proyecto-Lab/Assets
GfxDevice: creating device client; threaded=0
Direct3D:
    Version:  Direct3D 11.0 [level 11.1]
    Renderer: NVIDIA GeForce GTX 1050 Ti (ID=0x1c8c)
    Vendor:   
    VRAM:     4018 MB
    Driver:   27.21.14.5167
Initialize mono
Mono path[0] = 'D:/Program Files/2020.3.12f1/Editor/Data/Managed'
Mono path[1] = 'D:/Program Files/2020.3.12f1/Editor/Data/MonoBleedingEdge/lib/mono/unityjit'
Mono config path = 'D:/Program Files/2020.3.12f1/Editor/Data/MonoBleedingEdge/etc'
Using monoOptions --debugger-agent=transport=dt_socket,embedding=1,server=y,suspend=n,address=127.0.0.1:56068
Begin MonoManager ReloadAssembly
Registering precompiled unity dll's ...
Register platform support module: D:/Program Files/2020.3.12f1/Editor/Data/PlaybackEngines/WindowsStandaloneSupport/UnityEditor.WindowsStandalone.Extensions.dll
Registered in 0.001927 seconds.
Native extension for WindowsStandalone target not found
Refreshing native plugins compatible for Editor in 38.59 ms, found 4 plugins.
Preloading 1 native plugins for Editor in 0.08 ms.
Mono: successfully reloaded assembly
- Completed reload, in  3.728 seconds
Platform modules already initialized, skipping
Registering precompiled user dll's ...
Registered in 0.014280 seconds.
Begin MonoManager ReloadAssembly
Native extension for WindowsStandalone target not found
Refreshing native plugins compatible for Editor in 0.56 ms, found 4 plugins.
Preloading 1 native plugins for Editor in 0.04 ms.
System.NullReferenceException: Object reference not set to an instance of an object
  at Vuforia.EditorClasses.ExtensionTypeProvider.GetVuforiaPackageAbsPath () [0x0004a] in <f93bc12ce1034617aac9a18135b94276>:0 
  at Vuforia.EditorClasses.ExtensionTypeProvider.IsPackageManager () [0x00000] in <f93bc12ce1034617aac9a18135b94276>:0 
  at Vuforia.EditorClasses.ExtensionTypeProvider.ResolvePluginType () [0x00009] in <f93bc12ce1034617aac9a18135b94276>:0 
  at Vuforia.EditorClasses.ExtensionTypeProvider.GetPluginType () [0x0000c] in <f93bc12ce1034617aac9a18135b94276>:0 
  at Vuforia.EditorClasses.VuforiaUtilities.IsVuforiaEnabledInPlayerSettings () [0x00000] in <f93bc12ce1034617aac9a18135b94276>:0 
  at VuforiaEnabledObserver..cctor () [0x00000] in <f93bc12ce1034617aac9a18135b94276>:0 
UnityEngine.StackTraceUtility:ExtractStackTrace ()
UnityEngine.DebugLogHandler:LogFormat (UnityEngine.LogType,UnityEngine.Object,string,object[])
UnityEngine.Logger:Log (UnityEngine.LogType,object)
UnityEngine.Debug:LogError (object)
UnityEditor.EditorAssemblies:ProcessInitializeOnLoadAttributes (System.Type[])

System.NullReferenceException: Object reference not set to an instance of an object
  at Vuforia.EditorClasses.ExtensionTypeProvider.GetVuforiaPackageAbsPath () [0x0004a] in <f93bc12ce1034617aac9a18135b94276>:0 
  at Vuforia.EditorClasses.ExtensionTypeProvider.IsPackageManager () [0x00000] in <f93bc12ce1034617aac9a18135b94276>:0 
  at Vuforia.EditorClasses.ExtensionTypeProvider.ResolvePluginType () [0x00009] in <f93bc12ce1034617aac9a18135b94276>:0 
  at Vuforia.EditorClasses.ExtensionTypeProvider.GetPluginType () [0x0000c] in <f93bc12ce1034617aac9a18135b94276>:0 
  at Vuforia.EditorClasses.VuforiaUtilities.IsVuforiaEnabledInPlayerSettings () [0x00000] in <f93bc12ce1034617aac9a18135b94276>:0 
  at Vuforia.EditorClasses.InitializeOnLoadVuforiaTaskRunner..cctor () [0x00015] in <f93bc12ce1034617aac9a18135b94276>:0 
UnityEngine.StackTraceUtility:ExtractStackTrace ()
UnityEngine.DebugLogHandler:LogFormat (UnityEngine.LogType,UnityEngine.Object,string,object[])
UnityEngine.Logger:Log (UnityEngine.LogType,object)
UnityEngine.Debug:LogError (object)
UnityEditor.EditorAssemblies:ProcessInitializeOnLoadAttributes (System.Type[])

Mono: successfully reloaded assembly
- Completed reload, in  1.614 seconds
Platform modules already initialized, skipping
========================================================================
Worker process is ready to serve import requests
Shader 'PointClouds/PointSplat': fallback shader 'PointClouds/PointSplatLegacy' not found
Shader 'PointClouds/PointSplat': fallback shader 'PointClouds/PointSplatLegacy' not found
Launched and connected shader compiler UnityShaderCompiler.exe after 0.10 seconds
Refreshing native plugins compatible for Editor in 1.06 ms, found 4 plugins.
Preloading 1 native plugins for Editor in 0.12 ms.
Unloading 1440 Unused Serialized files (Serialized files now loaded: 0)
System memory in use before: 69.1 MB.
System memory in use after: 69.1 MB.

Unloading 48 unused Assets to reduce memory usage. Loaded Objects now: 2129.
Total: 2.401600 ms (FindLiveObjects: 0.188800 ms CreateObjectMapping: 0.068600 ms MarkObjects: 2.003700 ms  DeleteObjects: 0.139400 ms)

AssetImportParameters requested are different than current active one (requested -> active):
  custom:framework-win-MediaFoundation: 216162199b28c13a410421893ffa2e32 -> 
  custom:video-decoder-ogg-theora: a1e56fd34408186e4bbccfd4996cb3dc -> 
  custom:container-muxer-webm: aa71ff27fc2769a1b78a27578f13a17b -> 
  custom:container-demuxer-webm: 4f35f7cbe854078d1ac9338744f61a02 -> 
  custom:container-demuxer-ogg: 62fdf1f143b41e24485cea50d1cbac27 -> 
  custom:video-encoder-webm-vp8: eb34c28f22e8b96e1ab97ce403110664 -> 
  custom:video-codec-MediaFoundation-h265: 746d11721c4dcdbdad8f713fa42b33f4 -> 
  custom:video-decoder-webm-vp8: 9c59270c3fd7afecdb556c50c9e8de78 -> 
  custom:audio-decoder-ogg-vorbis: bf7c407c2cedff20999df2af8eb42d56 -> 
  custom:audio-encoder-webm-vorbis: bf7c407c2cedff20999df2af8eb42d56 -> 
========================================================================
Received Import Request.
  path: Assets/Scenes/Bienvenida.unity
  artifactKey: Guid(24b4735976a6f4cd6910bd10c374c0a9) Importer(815301076,1909f56bfc062723c751e8b465ee728b)
Start importing Assets/Scenes/Bienvenida.unity using Guid(24b4735976a6f4cd6910bd10c374c0a9) Importer(815301076,1909f56bfc062723c751e8b465ee728b)  -> (artifact id: '17972c6114629fbdc9bacbf8b6ac217c') in 0.018268 seconds 
  Import took 0.021458 seconds .

========================================================================
Received Import Request.
  Time since last request: 0.000596 seconds.
  path: Assets/Scenes/EliminarEspacios.unity
  artifactKey: Guid(2f000baa519b848bc9e2b0a9b4a1a4d6) Importer(815301076,1909f56bfc062723c751e8b465ee728b)
Start importing Assets/Scenes/EliminarEspacios.unity using Guid(2f000baa519b848bc9e2b0a9b4a1a4d6) Importer(815301076,1909f56bfc062723c751e8b465ee728b)  -> (artifact id: '70c2849fb41a0b1c878c445625173c5f') in 0.005547 seconds 
  Import took 0.009268 seconds .

========================================================================
Received Import Request.
  Time since last request: 0.000512 seconds.
  path: Assets/Scenes/VerEscenas.unity
  artifactKey: Guid(668babab276734db7b9db61305f2495c) Importer(815301076,1909f56bfc062723c751e8b465ee728b)
Start importing Assets/Scenes/VerEscenas.unity using Guid(668babab276734db7b9db61305f2495c) Importer(815301076,1909f56bfc062723c751e8b465ee728b)  -> (artifact id: 'f6a69cf82b1906b22cc417d84867e1b0') in 0.009907 seconds 
  Import took 0.016606 seconds .

========================================================================
Received Import Request.
  Time since last request: 0.000584 seconds.
  path: Assets/Scenes/CrearEspacio.unity
  artifactKey: Guid(578c10bb200ab4f89bf3b82d7464e721) Importer(815301076,1909f56bfc062723c751e8b465ee728b)
Start importing Assets/Scenes/CrearEspacio.unity using Guid(578c10bb200ab4f89bf3b82d7464e721) Importer(815301076,1909f56bfc062723c751e8b465ee728b)  -> (artifact id: '51fddb44a47ded7eb0e4767a31567d03') in 0.013059 seconds 
  Import took 0.018357 seconds .

========================================================================
Received Import Request.
  Time since last request: 0.000444 seconds.
  path: Assets/Scenes/Habitacion1.unity
  artifactKey: Guid(9fc0d4010bbf28b4594072e72b8655ab) Importer(815301076,1909f56bfc062723c751e8b465ee728b)
Start importing Assets/Scenes/Habitacion1.unity using Guid(9fc0d4010bbf28b4594072e72b8655ab) Importer(815301076,1909f56bfc062723c751e8b465ee728b)  -> (artifact id: 'eda66fa5048097025e50c343f9601ed8') in 0.005295 seconds 
  Import took 0.009481 seconds .

AssetImportWorkerClient::OnTransportError - code=2 error=End of file
